(venv) PS C:\Udacity\GenAI\cd13331-multimodal-public\project\starter> uv run --active pytest .\tests\ -vv
=============================================================================================== test session starts ===============================================================================================
platform win32 -- Python 3.12.12, pytest-8.4.2, pluggy-1.6.0 -- C:\Udacity\GenAI\cd13331-multimodal-public\project\starter\venv\Scripts\python.exe
cachedir: .pytest_cache
rootdir: C:\Udacity\GenAI\cd13331-multimodal-public\project\starter
configfile: pyproject.toml
plugins: anyio-4.11.0, logfire-4.13.2, asyncio-1.2.0
asyncio: mode=Mode.AUTO, debug=False, asyncio_default_fixture_loop_scope=None, asyncio_default_test_loop_scope=function
collected 50 items                                                                                                                                                                                                 

tests/test_audio_agent.py::test_moderate_audio_exists PASSED                                                                                                                                                 [  2%]
tests/test_audio_agent.py::test_moderate_audio_returns_audio_moderation_result PASSED                                                                                                                        [  4%]
tests/test_audio_agent.py::test_moderate_audio_has_required_fields PASSED                                                                                                                                    [  6%]
tests/test_audio_agent.py::test_moderate_audio_rationale_not_empty PASSED                                                                                                                                    [  8%]
tests/test_audio_agent.py::test_moderate_audio_transcription_not_empty PASSED                                                                                                                                [ 10%]
tests/test_env_setup.py::test_env_file_exists PASSED                                                                                                                                                         [ 12%]
tests/test_env_setup.py::test_gemini_api_key_is_set PASSED                                                                                                                                                   [ 14%]
tests/test_env_setup.py::test_user_api_key_is_set PASSED                                                                                                                                                     [ 16%]
tests/test_env_setup.py::test_default_google_model_is_set PASSED                                                                                                                                             [ 18%]
tests/test_env_setup.py::test_can_call_gemini_api PASSED                                                                                                                                                     [ 20%]
tests/test_gradio_app.py::test_create_chat_interface_returns_blocks PASSED                                                                                                                                   [ 22%]
tests/test_gradio_app.py::test_chatbot_uses_messages_type PASSED                                                                                                                                             [ 24%]
tests/test_gradio_app.py::test_chatbot_has_copy_button PASSED                                                                                                                                                [ 26%]
tests/test_gradio_app.py::test_demo_has_chatbot_component PASSED                                                                                                                                             [ 28%]
tests/test_gradio_app.py::test_demo_has_multimodal_textbox PASSED                                                                                                                                            [ 30%]
tests/test_gradio_app.py::test_multimodal_textbox_accepts_multiple_files PASSED                                                                                                                              [ 32%]
tests/test_gradio_app.py::test_multimodal_textbox_accepts_correct_file_types PASSED                                                                                                                          [ 34%]
tests/test_gradio_app.py::test_chat_with_gemini_calls_moderation PASSED                                                                                                                                      [ 36%]
tests/test_gradio_app.py::test_chat_with_gemini_blocks_flagged_content PASSED                                                                                                                                [ 38%]
tests/test_image_agent.py::test_moderate_image_exists PASSED                                                                                                                                                 [ 40%]
tests/test_image_agent.py::test_moderate_image_returns_image_moderation_result PASSED                                                                                                                        [ 42%]
tests/test_image_agent.py::test_moderate_image_has_required_fields PASSED                                                                                                                                    [ 44%]
tests/test_image_agent.py::test_moderate_image_rationale_not_empty PASSED                                                                                                                                    [ 46%]
tests/test_moderation_result.py::TestModerationResult::test_has_rationale_field PASSED                                                                                                                       [ 48%]
tests/test_moderation_result.py::TestModerationResult::test_rationale_is_required PASSED                                                                                                                     [ 50%]
tests/test_moderation_result.py::TestModerationResult::test_is_pydantic_model PASSED                                                                                                                         [ 52%]
tests/test_moderation_result.py::TestTextModerationResult::test_has_all_required_fields PASSED                                                                                                               [ 54%]
tests/test_moderation_result.py::TestTextModerationResult::test_field_types PASSED                                                                                                                           [ 56%] 
tests/test_moderation_result.py::TestTextModerationResult::test_inherits_from_moderation_result PASSED                                                                                                       [ 58%] 
tests/test_moderation_result.py::TestTextModerationResult::test_all_fields_are_required PASSED                                                                                                               [ 60%] 
tests/test_moderation_result.py::TestImageModerationResult::test_has_all_required_fields PASSED                                                                                                              [ 62%] 
tests/test_moderation_result.py::TestImageModerationResult::test_field_types PASSED                                                                                                                          [ 64%] 
tests/test_moderation_result.py::TestImageModerationResult::test_inherits_from_moderation_result PASSED                                                                                                      [ 66%] 
tests/test_moderation_result.py::TestImageModerationResult::test_all_fields_are_required PASSED                                                                                                              [ 68%] 
tests/test_moderation_result.py::TestVideoModerationResult::test_has_all_required_fields PASSED                                                                                                              [ 70%] 
tests/test_moderation_result.py::TestVideoModerationResult::test_field_types PASSED                                                                                                                          [ 72%] 
tests/test_moderation_result.py::TestVideoModerationResult::test_inherits_from_moderation_result PASSED                                                                                                      [ 74%] 
tests/test_moderation_result.py::TestVideoModerationResult::test_all_fields_are_required PASSED                                                                                                              [ 76%] 
tests/test_moderation_result.py::TestAudioModerationResult::test_has_all_required_fields PASSED                                                                                                              [ 78%] 
tests/test_moderation_result.py::TestAudioModerationResult::test_field_types PASSED                                                                                                                          [ 80%] 
tests/test_moderation_result.py::TestAudioModerationResult::test_inherits_from_moderation_result PASSED                                                                                                      [ 82%] 
tests/test_moderation_result.py::TestAudioModerationResult::test_all_fields_are_required PASSED                                                                                                              [ 84%] 
tests/test_text_agent.py::test_moderate_text_exists PASSED                                                                                                                                                   [ 86%] 
tests/test_text_agent.py::test_moderate_text_returns_text_moderation_result PASSED                                                                                                                           [ 88%]
tests/test_text_agent.py::test_moderate_text_has_required_fields PASSED                                                                                                                                      [ 90%]
tests/test_text_agent.py::test_moderate_text_rationale_not_empty PASSED                                                                                                                                      [ 92%]
tests/test_video_agent.py::test_moderate_video_exists PASSED                                                                                                                                                 [ 94%] 
tests/test_video_agent.py::test_moderate_video_returns_video_moderation_result PASSED                                                                                                                        [ 96%]
tests/test_video_agent.py::test_moderate_video_has_required_fields PASSED                                                                                                                                    [ 98%]
tests/test_video_agent.py::test_moderate_video_rationale_not_empty PASSED                                                                                                                                    [100%]

=============================================================================================== 50 passed in 18.75s =============================================================================================== 
(venv) PS C:\Udacity\GenAI\cd13331-multimodal-public\project\starter> 